<?xml version="1.0" encoding="utf-8"?><testsuites name="pytest tests"><testsuite name="pytest" errors="0" failures="0" skipped="0" tests="20" time="6.538" timestamp="2026-04-17T19:25:07.214531+00:00" hostname="agent-env-6a23a4d8-d690-42aa-89b3-933bf70c4568"><testcase classname="backend.tests.test_eti_api.TestHealthEndpoint" name="test_health_check" time="0.136" /><testcase classname="backend.tests.test_eti_api.TestProgramsEndpoint" name="test_get_programs_list" time="0.146" /><testcase classname="backend.tests.test_eti_api.TestProgramsEndpoint" name="test_programs_have_required_fields" time="0.122" /><testcase classname="backend.tests.test_eti_api.TestProgramsEndpoint" name="test_get_program_by_slug" time="0.224" /><testcase classname="backend.tests.test_eti_api.TestProgramsEndpoint" name="test_filter_programs_by_category" time="0.117" /><testcase classname="backend.tests.test_eti_api.TestAdminLogin" name="test_admin_login_success" time="0.126" /><testcase classname="backend.tests.test_eti_api.TestAdminLogin" name="test_admin_login_failure" time="0.108" /><testcase classname="backend.tests.test_eti_api.TestQuickEnquiry" name="test_create_quick_enquiry" time="1.000" /><testcase classname="backend.tests.test_eti_api.TestQuickEnquiry" name="test_get_quick_enquiries" time="0.176" /><testcase classname="backend.tests.test_eti_api.TestContactEnquiry" name="test_create_contact_enquiry" time="0.818" /><testcase classname="backend.tests.test_eti_api.TestContactEnquiry" name="test_get_contact_enquiries" time="0.114" /><testcase classname="backend.tests.test_eti_api.TestEventsEndpoint" name="test_get_events" time="0.119" /><testcase classname="backend.tests.test_eti_api.TestReviewsEndpoint" name="test_get_reviews" time="0.134" /><testcase classname="backend.tests.test_eti_api.TestRootEndpoint" name="test_root_endpoint" time="0.119" /><testcase classname="backend.tests.test_eti_api.TestSummerTraining" name="test_create_summer_training_lead" time="0.917" /><testcase classname="backend.tests.test_eti_api.TestIndustrialTraining" name="test_create_industrial_training_lead" time="0.859" /><testcase classname="backend.tests.test_eti_api.TestReferral" name="test_create_referral" time="0.862" /><testcase classname="backend.tests.test_eti_api.TestJobOpenings" name="test_get_job_openings" time="0.115" /><testcase classname="backend.tests.test_eti_api.TestBranches" name="test_get_branches" time="0.122" /><testcase classname="backend.tests.test_eti_api.TestTeamMembers" name="test_get_team_members" time="0.110" /></testsuite></testsuites>