<?xml version="1.0" encoding="utf-8"?><testsuites name="pytest tests"><testsuite name="pytest" errors="0" failures="0" skipped="0" tests="33" time="10.202" timestamp="2026-04-27T16:52:20.877537+00:00" hostname="agent-env-6a23a4d8-d690-42aa-89b3-933bf70c4568"><testcase classname="tests.test_security.TestAdminAuthentication" name="test_admin_login_success" time="0.418" /><testcase classname="tests.test_security.TestAdminAuthentication" name="test_admin_login_wrong_password" time="0.349" /><testcase classname="tests.test_security.TestAdminAuthentication" name="test_token_verification_valid" time="0.455" /><testcase classname="tests.test_security.TestAdminAuthentication" name="test_token_verification_invalid" time="0.116" /><testcase classname="tests.test_security.TestAdminEndpointsRequireAuth" name="test_create_blog_without_auth_returns_401" time="0.101" /><testcase classname="tests.test_security.TestAdminEndpointsRequireAuth" name="test_create_blog_with_auth_succeeds" time="0.580" /><testcase classname="tests.test_security.TestAdminEndpointsRequireAuth" name="test_delete_blog_without_auth_returns_401" time="0.117" /><testcase classname="tests.test_security.TestAdminEndpointsRequireAuth" name="test_create_event_without_auth_returns_401" time="0.115" /><testcase classname="tests.test_security.TestAdminEndpointsRequireAuth" name="test_update_event_without_auth_returns_401" time="0.121" /><testcase classname="tests.test_security.TestAdminEndpointsRequireAuth" name="test_delete_event_without_auth_returns_401" time="0.106" /><testcase classname="tests.test_security.TestAdminEndpointsRequireAuth" name="test_create_review_without_auth_returns_401" time="0.122" /><testcase classname="tests.test_security.TestAdminEndpointsRequireAuth" name="test_update_review_without_auth_returns_401" time="0.114" /><testcase classname="tests.test_security.TestAdminEndpointsRequireAuth" name="test_delete_review_without_auth_returns_401" time="0.111" /><testcase classname="tests.test_security.TestAdminEndpointsRequireAuth" name="test_create_partner_without_auth_returns_401" time="0.109" /><testcase classname="tests.test_security.TestAdminEndpointsRequireAuth" name="test_delete_partner_without_auth_returns_401" time="0.124" /><testcase classname="tests.test_security.TestAdminEndpointsRequireAuth" name="test_create_team_member_without_auth_returns_401" time="0.104" /><testcase classname="tests.test_security.TestAdminEndpointsRequireAuth" name="test_delete_team_member_without_auth_returns_401" time="0.112" /><testcase classname="tests.test_security.TestAdminEndpointsRequireAuth" name="test_create_program_without_auth_returns_401" time="0.115" /><testcase classname="tests.test_security.TestAdminEndpointsRequireAuth" name="test_delete_program_without_auth_returns_401" time="0.129" /><testcase classname="tests.test_security.TestPublicEndpointsNoAuth" name="test_get_programs_public" time="0.109" /><testcase classname="tests.test_security.TestPublicEndpointsNoAuth" name="test_get_blogs_public" time="0.115" /><testcase classname="tests.test_security.TestPublicEndpointsNoAuth" name="test_get_events_public" time="0.118" /><testcase classname="tests.test_security.TestPublicEndpointsNoAuth" name="test_get_reviews_public" time="0.120" /><testcase classname="tests.test_security.TestPublicEndpointsNoAuth" name="test_health_check_public" time="0.138" /><testcase classname="tests.test_security.TestPublicFormSubmissions" name="test_contact_form_submission" time="1.139" /><testcase classname="tests.test_security.TestPublicFormSubmissions" name="test_quick_enquiry_submission" time="0.856" /><testcase classname="tests.test_security.TestSecurityHeaders" name="test_security_headers_present" time="0.098" /><testcase classname="tests.test_security.TestSecurityHeaders" name="test_referrer_policy_header" time="0.148" /><testcase classname="tests.test_security.TestSecurityHeaders" name="test_permissions_policy_header" time="0.126" /><testcase classname="tests.test_security.TestFileUploadSecurity" name="test_upload_requires_auth" time="0.117" /><testcase classname="tests.test_security.TestFileUploadSecurity" name="test_svg_upload_rejected" time="0.456" /><testcase classname="tests.test_security.TestFileUploadSecurity" name="test_valid_image_upload_with_auth" time="0.677" /><testcase classname="tests.test_security.TestRateLimiting" name="test_login_rate_limit_exists" time="2.396" /></testsuite></testsuites>