<?xml version="1.0" encoding="utf-8"?><testsuites name="pytest tests"><testsuite name="pytest" errors="0" failures="0" skipped="0" tests="34" time="17.997" timestamp="2026-09-01T17:12:48.100244+00:00" hostname="agent-env-638ff081-736d-4bde-8562-5885daf0b07e"><testcase classname="tests.test_eti_new_features.TestLeadEndpoints" name="test_lead_submission[quick-enquiry]" time="1.018" /><testcase classname="tests.test_eti_new_features.TestLeadEndpoints" name="test_lead_submission[counselling-leads]" time="0.780" /><testcase classname="tests.test_eti_new_features.TestLeadEndpoints" name="test_lead_submission[contact]" time="0.788" /><testcase classname="tests.test_eti_new_features.TestLeadEndpoints" name="test_lead_submission[franchise-enquiry]" time="0.776" /><testcase classname="tests.test_eti_new_features.TestLeadEndpoints" name="test_lead_submission[hire-request]" time="0.802" /><testcase classname="tests.test_eti_new_features.TestLeadEndpoints" name="test_lead_submission[summer-training-leads]" time="1.644" /><testcase classname="tests.test_eti_new_features.TestLeadEndpoints" name="test_lead_submission[industrial-training-leads]" time="0.808" /><testcase classname="tests.test_eti_new_features.TestLeadEndpoints" name="test_lead_submission[referrals]" time="0.787" /><testcase classname="tests.test_eti_new_features.TestLeadEndpoints" name="test_lead_submission[cyber-warriors/register]" time="0.792" /><testcase classname="tests.test_eti_new_features.TestLeadEndpoints" name="test_lead_submission[service-enquiry]" time="0.762" /><testcase classname="tests.test_eti_new_features.TestLeadEndpoints" name="test_lead_submission[brochure-requests]" time="0.090" /><testcase classname="tests.test_eti_new_features.TestLeadEndpoints" name="test_lead_submission[applications]" time="0.771" /><testcase classname="tests.test_eti_new_features.TestLeadEndpoints" name="test_lead_submission[educonnect/enquiry]" time="0.762" /><testcase classname="tests.test_eti_new_features.TestLeadEndpoints" name="test_lead_validation_rejects_bad_payload" time="0.067" /><testcase classname="tests.test_eti_new_features.TestLeadEndpoints" name="test_crm_webhook_logged_for_each_source" time="4.005" /><testcase classname="tests.test_eti_new_features.TestAnnouncements" name="test_get_announcements" time="0.076" /><testcase classname="tests.test_eti_new_features.TestAnnouncements" name="test_create_requires_auth" time="0.082" /><testcase classname="tests.test_eti_new_features.TestAnnouncements" name="test_admin_crud" time="0.991" /><testcase classname="tests.test_eti_new_features.TestPlacedStudents" name="test_get_seeded" time="0.070" /><testcase classname="tests.test_eti_new_features.TestPlacedStudents" name="test_create_requires_auth" time="0.061" /><testcase classname="tests.test_eti_new_features.TestPlacedStudents" name="test_admin_crud" time="0.312" /><testcase classname="tests.test_eti_new_features.TestPlacedStudents" name="test_update_nonexistent_returns_404" time="0.183" /><testcase classname="tests.test_eti_new_features.TestPartners" name="test_recruiters" time="0.070" /><testcase classname="tests.test_eti_new_features.TestPartners" name="test_existing_types_still_work[certification]" time="0.057" /><testcase classname="tests.test_eti_new_features.TestPartners" name="test_existing_types_still_work[placement]" time="0.059" /><testcase classname="tests.test_eti_new_features.TestPartners" name="test_invalid_partner_type_rejected_on_create" time="0.065" /><testcase classname="tests.test_eti_new_features.TestPartners" name="test_recruiter_create_delete" time="0.121" /><testcase classname="tests.test_eti_new_features.TestEvents" name="test_list_and_detail" time="0.125" /><testcase classname="tests.test_eti_new_features.TestEvents" name="test_detail_404" time="0.064" /><testcase classname="tests.test_eti_new_features.TestEvents" name="test_admin_crud" time="0.367" /><testcase classname="tests.test_eti_new_features.TestBlogs" name="test_list" time="0.059" /><testcase classname="tests.test_eti_new_features.TestBlogs" name="test_admin_create_and_fetch_by_slug" time="0.282" /><testcase classname="tests.test_eti_new_features.TestPrograms" name="test_list" time="0.070" /><testcase classname="tests.test_eti_new_features.TestPrograms" name="test_detail_by_slug" time="0.131" /></testsuite></testsuites>