<?xml version="1.0" encoding="utf-8"?><testsuites name="pytest tests"><testsuite name="pytest" errors="0" failures="0" skipped="0" tests="17" time="6.722" timestamp="2026-04-18T05:39:53.074786+00:00" hostname="agent-env-6a23a4d8-d690-42aa-89b3-933bf70c4568"><testcase classname="backend.tests.test_admin_upload.TestAdminAuth" name="test_admin_login_success" time="0.330" /><testcase classname="backend.tests.test_admin_upload.TestAdminAuth" name="test_admin_login_wrong_password" time="0.389" /><testcase classname="backend.tests.test_admin_upload.TestAdminAuth" name="test_admin_verify_valid_token" time="0.449" /><testcase classname="backend.tests.test_admin_upload.TestAdminAuth" name="test_admin_verify_invalid_token" time="0.115" /><testcase classname="backend.tests.test_admin_upload.TestPasswordChange" name="test_change_password_requires_auth" time="0.138" /><testcase classname="backend.tests.test_admin_upload.TestPasswordChange" name="test_change_password_wrong_current" time="0.664" /><testcase classname="backend.tests.test_admin_upload.TestPasswordChange" name="test_change_password_success_and_revert" time="2.143" /><testcase classname="backend.tests.test_admin_upload.TestFileUpload" name="test_upload_image_success" time="0.218" /><testcase classname="backend.tests.test_admin_upload.TestFileUpload" name="test_upload_jpg_success" time="0.109" /><testcase classname="backend.tests.test_admin_upload.TestFileUpload" name="test_upload_invalid_file_type" time="0.214" /><testcase classname="backend.tests.test_admin_upload.TestFileUpload" name="test_upload_file_too_large" time="0.384" /><testcase classname="backend.tests.test_admin_upload.TestReviewsWithImage" name="test_create_review_with_photo_url" time="0.203" /><testcase classname="backend.tests.test_admin_upload.TestReviewsWithImage" name="test_create_review_with_uploaded_image" time="0.313" /><testcase classname="backend.tests.test_admin_upload.TestEventsWithGallery" name="test_create_event_with_images" time="0.225" /><testcase classname="backend.tests.test_admin_upload.TestPartnersWithLogo" name="test_create_partner_with_logo" time="0.222" /><testcase classname="backend.tests.test_admin_upload.TestUniversitiesWithLogo" name="test_create_university_with_logo" time="0.328" /><testcase classname="backend.tests.test_admin_upload.TestTeamWithPhoto" name="test_create_team_member_with_photo" time="0.214" /></testsuite></testsuites>